<?xml version="1.0" encoding="UTF-8"?>
<coverage generated="1736286202790" clover="3.2.0">
  <project timestamp="1736286202790" name="All files">
    <metrics statements="332" coveredstatements="222" conditionals="152" coveredconditionals="94" methods="61" coveredmethods="50" elements="545" coveredelements="366" complexity="0" loc="332" ncloc="332" packages="1" files="2" classes="2"/>
    <file name="database.js" path="C:\Users\natal\Desktop\App_Code\backend\database.js">
      <metrics statements="8" coveredstatements="7" conditionals="2" coveredconditionals="1" methods="1" coveredmethods="1"/>
      <line num="1" count="1" type="stmt"/>
      <line num="2" count="1" type="stmt"/>
      <line num="5" count="1" type="stmt"/>
      <line num="6" count="1" type="stmt"/>
      <line num="7" count="1" type="cond" truecount="1" falsecount="1"/>
      <line num="8" count="0" type="stmt"/>
      <line num="10" count="1" type="stmt"/>
      <line num="14" count="1" type="stmt"/>
    </file>
    <file name="index.js" path="C:\Users\natal\Desktop\App_Code\backend\index.js">
      <metrics statements="324" coveredstatements="215" conditionals="150" coveredconditionals="93" methods="60" coveredmethods="49"/>
      <line num="1" count="1" type="stmt"/>
      <line num="2" count="1" type="stmt"/>
      <line num="3" count="1" type="stmt"/>
      <line num="4" count="1" type="stmt"/>
      <line num="5" count="1" type="stmt"/>
      <line num="6" count="1" type="stmt"/>
      <line num="7" count="1" type="stmt"/>
      <line num="8" count="1" type="stmt"/>
      <line num="9" count="1" type="stmt"/>
      <line num="10" count="1" type="stmt"/>
      <line num="12" count="1" type="stmt"/>
      <line num="13" count="1" type="stmt"/>
      <line num="14" count="1" type="stmt"/>
      <line num="15" count="1" type="stmt"/>
      <line num="16" count="1" type="stmt"/>
      <line num="17" count="1" type="stmt"/>
      <line num="20" count="1" type="stmt"/>
      <line num="22" count="0" type="stmt"/>
      <line num="25" count="0" type="cond" truecount="0" falsecount="2"/>
      <line num="26" count="0" type="stmt"/>
      <line num="27" count="0" type="stmt"/>
      <line num="28" count="0" type="stmt"/>
      <line num="29" count="0" type="stmt"/>
      <line num="34" count="1" type="stmt"/>
      <line num="36" count="1" type="stmt"/>
      <line num="38" count="49" type="stmt"/>
      <line num="39" count="49" type="cond" truecount="2" falsecount="2"/>
      <line num="40" count="49" type="stmt"/>
      <line num="42" count="0" type="stmt"/>
      <line num="49" count="1" type="stmt"/>
      <line num="50" count="1" type="stmt"/>
      <line num="51" count="49" type="stmt"/>
      <line num="52" count="49" type="stmt"/>
      <line num="54" count="1" type="stmt"/>
      <line num="67" count="26" type="cond" truecount="3" falsecount="2"/>
      <line num="68" count="0" type="stmt"/>
      <line num="71" count="26" type="stmt"/>
      <line num="75" count="18" type="stmt"/>
      <line num="76" count="18" type="cond" truecount="5" falsecount="0"/>
      <line num="77" count="3" type="stmt"/>
      <line num="80" count="15" type="stmt"/>
      <line num="84" count="11" type="stmt"/>
      <line num="85" count="11" type="cond" truecount="4" falsecount="1"/>
      <line num="86" count="0" type="stmt"/>
      <line num="88" count="11" type="stmt"/>
      <line num="91" count="1" type="stmt"/>
      <line num="92" count="2" type="cond" truecount="5" falsecount="0"/>
      <line num="93" count="1" type="stmt"/>
      <line num="99" count="1" type="stmt"/>
      <line num="102" count="1" type="stmt"/>
      <line num="103" count="0" type="stmt"/>
      <line num="106" count="1" type="stmt"/>
      <line num="107" count="2" type="stmt"/>
      <line num="108" count="2" type="stmt"/>
      <line num="109" count="2" type="stmt"/>
      <line num="110" count="2" type="stmt"/>
      <line num="112" count="2" type="cond" truecount="4" falsecount="0"/>
      <line num="113" count="1" type="stmt"/>
      <line num="116" count="1" type="stmt"/>
      <line num="117" count="1" type="stmt"/>
      <line num="118" count="1" type="stmt"/>
      <line num="119" count="1" type="stmt"/>
      <line num="120" count="2" type="stmt"/>
      <line num="121" count="2" type="cond" truecount="1" falsecount="1"/>
      <line num="122" count="0" type="stmt"/>
      <line num="126" count="1" type="stmt"/>
      <line num="127" count="1" type="cond" truecount="1" falsecount="1"/>
      <line num="128" count="0" type="stmt"/>
      <line num="130" count="1" type="stmt"/>
      <line num="133" count="0" type="stmt"/>
      <line num="134" count="0" type="stmt"/>
      <line num="135" count="0" type="stmt"/>
      <line num="140" count="1" type="stmt"/>
      <line num="141" count="1" type="stmt"/>
      <line num="143" count="1" type="stmt"/>
      <line num="144" count="1" type="cond" truecount="1" falsecount="1"/>
      <line num="145" count="0" type="stmt"/>
      <line num="146" count="0" type="stmt"/>
      <line num="149" count="1" type="cond" truecount="1" falsecount="1"/>
      <line num="150" count="1" type="stmt"/>
      <line num="153" count="0" type="stmt"/>
      <line num="154" count="0" type="stmt"/>
      <line num="156" count="0" type="stmt"/>
      <line num="160" count="0" type="cond" truecount="0" falsecount="2"/>
      <line num="161" count="0" type="stmt"/>
      <line num="162" count="0" type="stmt"/>
      <line num="165" count="0" type="stmt"/>
      <line num="176" count="0" type="stmt"/>
      <line num="177" count="0" type="stmt"/>
      <line num="185" count="0" type="stmt"/>
      <line num="186" count="0" type="cond" truecount="0" falsecount="2"/>
      <line num="187" count="0" type="stmt"/>
      <line num="188" count="0" type="stmt"/>
      <line num="191" count="0" type="stmt"/>
      <line num="192" count="0" type="stmt"/>
      <line num="199" count="1" type="stmt"/>
      <line num="200" count="2" type="stmt"/>
      <line num="201" count="2" type="stmt"/>
      <line num="215" count="2" type="stmt"/>
      <line num="216" count="2" type="cond" truecount="1" falsecount="1"/>
      <line num="217" count="0" type="stmt"/>
      <line num="218" count="0" type="stmt"/>
      <line num="219" count="0" type="stmt"/>
      <line num="222" count="2" type="stmt"/>
      <line num="224" count="2" type="stmt"/>
      <line num="225" count="17" type="stmt"/>
      <line num="226" count="17" type="cond" truecount="2" falsecount="0"/>
      <line num="227" count="14" type="stmt"/>
      <line num="228" count="14" type="stmt"/>
      <line num="229" count="14" type="stmt"/>
      <line num="230" count="14" type="stmt"/>
      <line num="232" count="17" type="stmt"/>
      <line num="239" count="2" type="stmt"/>
      <line num="242" count="1" type="stmt"/>
      <line num="243" count="1" type="stmt"/>
      <line num="245" count="1" type="cond" truecount="6" falsecount="1"/>
      <line num="246" count="0" type="stmt"/>
      <line num="249" count="1" type="stmt"/>
      <line num="250" count="1" type="stmt"/>
      <line num="255" count="1" type="stmt"/>
      <line num="256" count="1" type="cond" truecount="1" falsecount="1"/>
      <line num="257" count="0" type="stmt"/>
      <line num="258" count="0" type="stmt"/>
      <line num="260" count="1" type="cond" truecount="1" falsecount="1"/>
      <line num="261" count="0" type="stmt"/>
      <line num="264" count="1" type="stmt"/>
      <line num="266" count="1" type="stmt"/>
      <line num="267" count="1" type="cond" truecount="1" falsecount="1"/>
      <line num="268" count="0" type="stmt"/>
      <line num="269" count="0" type="stmt"/>
      <line num="271" count="1" type="stmt"/>
      <line num="276" count="1" type="stmt"/>
      <line num="277" count="2" type="stmt"/>
      <line num="278" count="2" type="stmt"/>
      <line num="280" count="2" type="stmt"/>
      <line num="286" count="2" type="stmt"/>
      <line num="287" count="2" type="cond" truecount="1" falsecount="1"/>
      <line num="288" count="0" type="stmt"/>
      <line num="289" count="0" type="stmt"/>
      <line num="291" count="2" type="cond" truecount="2" falsecount="0"/>
      <line num="292" count="1" type="stmt"/>
      <line num="294" count="1" type="stmt"/>
      <line num="298" count="1" type="stmt"/>
      <line num="299" count="1" type="stmt"/>
      <line num="305" count="1" type="stmt"/>
      <line num="306" count="1" type="cond" truecount="1" falsecount="1"/>
      <line num="307" count="0" type="stmt"/>
      <line num="308" count="0" type="stmt"/>
      <line num="310" count="1" type="stmt"/>
      <line num="315" count="1" type="stmt"/>
      <line num="316" count="1" type="stmt"/>
      <line num="318" count="1" type="stmt"/>
      <line num="332" count="1" type="stmt"/>
      <line num="333" count="1" type="cond" truecount="1" falsecount="1"/>
      <line num="334" count="0" type="stmt"/>
      <line num="335" count="0" type="stmt"/>
      <line num="337" count="1" type="cond" truecount="1" falsecount="1"/>
      <line num="338" count="0" type="stmt"/>
      <line num="340" count="1" type="stmt"/>
      <line num="344" count="1" type="stmt"/>
      <line num="345" count="0" type="stmt"/>
      <line num="348" count="1" type="stmt"/>
      <line num="349" count="1" type="stmt"/>
      <line num="351" count="1" type="cond" truecount="3" falsecount="1"/>
      <line num="352" count="0" type="stmt"/>
      <line num="355" count="1" type="stmt"/>
      <line num="357" count="1" type="stmt"/>
      <line num="358" count="1" type="cond" truecount="1" falsecount="1"/>
      <line num="359" count="0" type="stmt"/>
      <line num="360" count="0" type="stmt"/>
      <line num="363" count="1" type="cond" truecount="1" falsecount="1"/>
      <line num="364" count="1" type="stmt"/>
      <line num="368" count="0" type="stmt"/>
      <line num="369" count="0" type="stmt"/>
      <line num="372" count="0" type="stmt"/>
      <line num="373" count="0" type="cond" truecount="0" falsecount="2"/>
      <line num="374" count="0" type="stmt"/>
      <line num="375" count="0" type="stmt"/>
      <line num="378" count="0" type="stmt"/>
      <line num="382" count="0" type="stmt"/>
      <line num="383" count="0" type="stmt"/>
      <line num="387" count="1" type="stmt"/>
      <line num="388" count="1" type="stmt"/>
      <line num="389" count="1" type="cond" truecount="1" falsecount="1"/>
      <line num="391" count="1" type="stmt"/>
      <line num="392" count="1" type="stmt"/>
      <line num="393" count="1" type="cond" truecount="1" falsecount="1"/>
      <line num="394" count="0" type="stmt"/>
      <line num="395" count="0" type="stmt"/>
      <line num="397" count="1" type="stmt"/>
      <line num="402" count="1" type="stmt"/>
      <line num="403" count="2" type="stmt"/>
      <line num="404" count="2" type="stmt"/>
      <line num="406" count="2" type="stmt"/>
      <line num="407" count="2" type="stmt"/>
      <line num="408" count="2" type="cond" truecount="1" falsecount="1"/>
      <line num="409" count="0" type="stmt"/>
      <line num="410" count="0" type="stmt"/>
      <line num="412" count="2" type="cond" truecount="2" falsecount="0"/>
      <line num="413" count="1" type="stmt"/>
      <line num="415" count="1" type="stmt"/>
      <line num="418" count="1" type="stmt"/>
      <line num="419" count="1" type="stmt"/>
      <line num="421" count="1" type="stmt"/>
      <line num="422" count="1" type="stmt"/>
      <line num="423" count="1" type="cond" truecount="1" falsecount="1"/>
      <line num="424" count="0" type="stmt"/>
      <line num="425" count="0" type="stmt"/>
      <line num="427" count="1" type="cond" truecount="1" falsecount="1"/>
      <line num="428" count="0" type="stmt"/>
      <line num="430" count="1" type="stmt"/>
      <line num="433" count="1" type="stmt"/>
      <line num="434" count="1" type="stmt"/>
      <line num="436" count="1" type="stmt"/>
      <line num="437" count="1" type="stmt"/>
      <line num="438" count="1" type="cond" truecount="1" falsecount="1"/>
      <line num="439" count="0" type="stmt"/>
      <line num="440" count="0" type="stmt"/>
      <line num="442" count="1" type="cond" truecount="1" falsecount="1"/>
      <line num="443" count="1" type="stmt"/>
      <line num="445" count="0" type="stmt"/>
      <line num="449" count="1" type="stmt"/>
      <line num="450" count="0" type="stmt"/>
      <line num="451" count="0" type="stmt"/>
      <line num="452" count="0" type="cond" truecount="0" falsecount="2"/>
      <line num="453" count="0" type="stmt"/>
      <line num="454" count="0" type="stmt"/>
      <line num="455" count="0" type="stmt"/>
      <line num="457" count="0" type="stmt"/>
      <line num="461" count="1" type="stmt"/>
      <line num="462" count="1" type="cond" truecount="1" falsecount="1"/>
      <line num="463" count="1" type="stmt"/>
      <line num="464" count="1" type="cond" truecount="1" falsecount="1"/>
      <line num="465" count="0" type="stmt"/>
      <line num="466" count="0" type="stmt"/>
      <line num="468" count="1" type="stmt"/>
      <line num="474" count="1" type="stmt"/>
      <line num="475" count="1" type="stmt"/>
      <line num="478" count="0" type="stmt"/>
      <line num="482" count="1" type="stmt"/>
      <line num="483" count="0" type="stmt"/>
      <line num="486" count="1" type="stmt"/>
      <line num="487" count="21" type="stmt"/>
      <line num="489" count="21" type="cond" truecount="3" falsecount="1"/>
      <line num="490" count="0" type="stmt"/>
      <line num="492" count="21" type="stmt"/>
      <line num="493" count="21" type="cond" truecount="1" falsecount="1"/>
      <line num="494" count="0" type="stmt"/>
      <line num="495" count="0" type="stmt"/>
      <line num="497" count="21" type="cond" truecount="2" falsecount="0"/>
      <line num="498" count="20" type="cond" truecount="2" falsecount="0"/>
      <line num="499" count="1" type="stmt"/>
      <line num="501" count="19" type="stmt"/>
      <line num="502" count="19" type="cond" truecount="1" falsecount="1"/>
      <line num="503" count="19" type="stmt"/>
      <line num="509" count="19" type="stmt"/>
      <line num="511" count="0" type="stmt"/>
      <line num="514" count="1" type="stmt"/>
      <line num="519" count="1" type="stmt"/>
      <line num="520" count="3" type="stmt"/>
      <line num="522" count="3" type="cond" truecount="7" falsecount="0"/>
      <line num="523" count="1" type="stmt"/>
      <line num="526" count="2" type="stmt"/>
      <line num="528" count="2" type="stmt"/>
      <line num="529" count="2" type="stmt"/>
      <line num="530" count="2" type="cond" truecount="1" falsecount="1"/>
      <line num="531" count="0" type="stmt"/>
      <line num="532" count="0" type="stmt"/>
      <line num="534" count="2" type="cond" truecount="2" falsecount="0"/>
      <line num="535" count="1" type="cond" truecount="1" falsecount="1"/>
      <line num="536" count="1" type="stmt"/>
      <line num="538" count="0" type="cond" truecount="0" falsecount="2"/>
      <line num="539" count="0" type="stmt"/>
      <line num="544" count="1" type="stmt"/>
      <line num="545" count="1" type="stmt"/>
      <line num="546" count="1" type="cond" truecount="1" falsecount="1"/>
      <line num="547" count="0" type="stmt"/>
      <line num="548" count="0" type="stmt"/>
      <line num="552" count="1" type="stmt"/>
      <line num="553" count="1" type="stmt"/>
      <line num="554" count="1" type="cond" truecount="1" falsecount="1"/>
      <line num="555" count="0" type="stmt"/>
      <line num="556" count="0" type="stmt"/>
      <line num="558" count="1" type="stmt"/>
      <line num="563" count="0" type="stmt"/>
      <line num="564" count="0" type="stmt"/>
      <line num="568" count="1" type="stmt"/>
      <line num="569" count="1" type="stmt"/>
      <line num="570" count="1" type="stmt"/>
      <line num="571" count="1" type="cond" truecount="1" falsecount="1"/>
      <line num="572" count="0" type="stmt"/>
      <line num="573" count="0" type="stmt"/>
      <line num="575" count="1" type="stmt"/>
      <line num="578" count="1" type="stmt"/>
      <line num="579" count="1" type="stmt"/>
      <line num="580" count="1" type="stmt"/>
      <line num="581" count="1" type="cond" truecount="1" falsecount="1"/>
      <line num="582" count="0" type="stmt"/>
      <line num="585" count="1" type="stmt"/>
      <line num="586" count="1" type="stmt"/>
      <line num="587" count="1" type="cond" truecount="1" falsecount="1"/>
      <line num="588" count="0" type="stmt"/>
      <line num="589" count="0" type="stmt"/>
      <line num="591" count="1" type="cond" truecount="1" falsecount="1"/>
      <line num="592" count="0" type="stmt"/>
      <line num="594" count="1" type="stmt"/>
      <line num="598" count="1" type="stmt"/>
      <line num="599" count="1" type="stmt"/>
      <line num="600" count="1" type="stmt"/>
      <line num="601" count="1" type="cond" truecount="1" falsecount="1"/>
      <line num="602" count="0" type="stmt"/>
      <line num="605" count="1" type="stmt"/>
      <line num="606" count="1" type="stmt"/>
      <line num="607" count="1" type="cond" truecount="1" falsecount="1"/>
      <line num="608" count="0" type="stmt"/>
      <line num="609" count="0" type="stmt"/>
      <line num="611" count="1" type="cond" truecount="1" falsecount="1"/>
      <line num="612" count="0" type="stmt"/>
      <line num="614" count="1" type="stmt"/>
      <line num="618" count="1" type="cond" truecount="1" falsecount="1"/>
      <line num="619" count="0" type="stmt"/>
      <line num="620" count="0" type="stmt"/>
      <line num="621" count="0" type="stmt"/>
      <line num="624" count="1" type="stmt"/>
    </file>
  </project>
</coverage>
