{"C:\\Users\\natal\\Desktop\\App_Code\\backend\\database.js": {"path":"C:\\Users\\natal\\Desktop\\App_Code\\backend\\database.js","statementMap":{"0":{"start":{"line":1,"column":13},"end":{"line":1,"column":28}},"1":{"start":{"line":2,"column":16},"end":{"line":2,"column":44}},"2":{"start":{"line":5,"column":15},"end":{"line":5,"column":55}},"3":{"start":{"line":6,"column":11},"end":{"line":12,"column":2}},"4":{"start":{"line":7,"column":4},"end":{"line":11,"column":5}},"5":{"start":{"line":8,"column":8},"end":{"line":8,"column":66}},"6":{"start":{"line":10,"column":8},"end":{"line":10,"column":48}},"7":{"start":{"line":14,"column":0},"end":{"line":14,"column":20}}},"fnMap":{"0":{"name":"(anonymous_0)","decl":{"start":{"line":6,"column":64},"end":{"line":6,"column":65}},"loc":{"start":{"line":6,"column":73},"end":{"line":12,"column":1}},"line":6}},"branchMap":{"0":{"loc":{"start":{"line":7,"column":4},"end":{"line":11,"column":5}},"type":"if","locations":[{"start":{"line":7,"column":4},"end":{"line":11,"column":5}},{"start":{"line":9,"column":11},"end":{"line":11,"column":5}}],"line":7}},"s":{"0":1,"1":1,"2":1,"3":1,"4":1,"5":0,"6":1,"7":1},"f":{"0":1},"b":{"0":[0,1]},"_coverageSchema":"1a1c01bbd47fc00a2c39e90264f33305004495a9","hash":"d4e26466e99e4e63771bc914936a3d804897f97d"}
,"C:\\Users\\natal\\Desktop\\App_Code\\backend\\index.js": {"path":"C:\\Users\\natal\\Desktop\\App_Code\\backend\\index.js","statementMap":{"0":{"start":{"line":1,"column":16},"end":{"line":1,"column":34}},"1":{"start":{"line":2,"column":13},"end":{"line":2,"column":28}},"2":{"start":{"line":3,"column":11},"end":{"line":3,"column":32}},"3":{"start":{"line":4,"column":15},"end":{"line":4,"column":31}},"4":{"start":{"line":5,"column":12},"end":{"line":5,"column":21}},"5":{"start":{"line":6,"column":13},"end":{"line":6,"column":17}},"6":{"start":{"line":7,"column":16},"end":{"line":7,"column":42}},"7":{"start":{"line":8,"column":19},"end":{"line":8,"column":40}},"8":{"start":{"line":9,"column":15},"end":{"line":9,"column":32}},"9":{"start":{"line":10,"column":15},"end":{"line":10,"column":32}},"10":{"start":{"line":12,"column":0},"end":{"line":12,"column":47}},"11":{"start":{"line":13,"column":0},"end":{"line":13,"column":24}},"12":{"start":{"line":14,"column":21},"end":{"line":14,"column":45}},"13":{"start":{"line":15,"column":0},"end":{"line":15,"column":24}},"14":{"start":{"line":16,"column":15},"end":{"line":16,"column":32}},"15":{"start":{"line":17,"column":13},"end":{"line":17,"column":28}},"16":{"start":{"line":20,"column":16},"end":{"line":31,"column":2}},"17":{"start":{"line":22,"column":8},"end":{"line":22,"column":43}},"18":{"start":{"line":25,"column":24},"end":{"line":25,"column":69}},"19":{"start":{"line":26,"column":33},"end":{"line":26,"column":71}},"20":{"start":{"line":27,"column":24},"end":{"line":27,"column":55}},"21":{"start":{"line":28,"column":25},"end":{"line":28,"column":56}},"22":{"start":{"line":29,"column":8},"end":{"line":29,"column":27}},"23":{"start":{"line":34,"column":15},"end":{"line":34,"column":34}},"24":{"start":{"line":36,"column":20},"end":{"line":47,"column":1}},"25":{"start":{"line":38,"column":31},"end":{"line":38,"column":81}},"26":{"start":{"line":39,"column":8},"end":{"line":43,"column":9}},"27":{"start":{"line":40,"column":12},"end":{"line":40,"column":33}},"28":{"start":{"line":42,"column":12},"end":{"line":42,"column":51}},"29":{"start":{"line":49,"column":0},"end":{"line":49,"column":27}},"30":{"start":{"line":50,"column":0},"end":{"line":53,"column":3}},"31":{"start":{"line":51,"column":4},"end":{"line":51,"column":41}},"32":{"start":{"line":52,"column":4},"end":{"line":52,"column":11}},"33":{"start":{"line":54,"column":0},"end":{"line":64,"column":4}},"34":{"start":{"line":67,"column":4},"end":{"line":70,"column":5}},"35":{"start":{"line":68,"column":8},"end":{"line":69,"column":80}},"36":{"start":{"line":71,"column":4},"end":{"line":71,"column":11}},"37":{"start":{"line":75,"column":4},"end":{"line":75,"column":51}},"38":{"start":{"line":76,"column":4},"end":{"line":79,"column":5}},"39":{"start":{"line":77,"column":8},"end":{"line":78,"column":60}},"40":{"start":{"line":80,"column":4},"end":{"line":80,"column":11}},"41":{"start":{"line":84,"column":4},"end":{"line":84,"column":78}},"42":{"start":{"line":85,"column":4},"end":{"line":87,"column":5}},"43":{"start":{"line":86,"column":8},"end":{"line":86,"column":94}},"44":{"start":{"line":88,"column":4},"end":{"line":88,"column":11}},"45":{"start":{"line":91,"column":0},"end":{"line":100,"column":3}},"46":{"start":{"line":92,"column":4},"end":{"line":98,"column":5}},"47":{"start":{"line":93,"column":8},"end":{"line":97,"column":11}},"48":{"start":{"line":99,"column":4},"end":{"line":99,"column":46}},"49":{"start":{"line":102,"column":0},"end":{"line":104,"column":3}},"50":{"start":{"line":103,"column":4},"end":{"line":103,"column":37}},"51":{"start":{"line":106,"column":0},"end":{"line":138,"column":3}},"52":{"start":{"line":107,"column":35},"end":{"line":107,"column":43}},"53":{"start":{"line":108,"column":26},"end":{"line":108,"column":68}},"54":{"start":{"line":109,"column":22},"end":{"line":109,"column":71}},"55":{"start":{"line":110,"column":15},"end":{"line":110,"column":36}},"56":{"start":{"line":112,"column":4},"end":{"line":114,"column":5}},"57":{"start":{"line":113,"column":8},"end":{"line":113,"column":72}},"58":{"start":{"line":116,"column":4},"end":{"line":137,"column":7}},"59":{"start":{"line":117,"column":8},"end":{"line":117,"column":36}},"60":{"start":{"line":118,"column":8},"end":{"line":136,"column":9}},"61":{"start":{"line":119,"column":12},"end":{"line":125,"column":15}},"62":{"start":{"line":120,"column":16},"end":{"line":124,"column":19}},"63":{"start":{"line":121,"column":20},"end":{"line":123,"column":21}},"64":{"start":{"line":122,"column":24},"end":{"line":122,"column":34}},"65":{"start":{"line":126,"column":12},"end":{"line":131,"column":15}},"66":{"start":{"line":127,"column":16},"end":{"line":129,"column":17}},"67":{"start":{"line":128,"column":20},"end":{"line":128,"column":30}},"68":{"start":{"line":130,"column":16},"end":{"line":130,"column":76}},"69":{"start":{"line":133,"column":12},"end":{"line":133,"column":65}},"70":{"start":{"line":134,"column":12},"end":{"line":134,"column":31}},"71":{"start":{"line":135,"column":12},"end":{"line":135,"column":64}},"72":{"start":{"line":140,"column":0},"end":{"line":197,"column":3}},"73":{"start":{"line":141,"column":22},"end":{"line":141,"column":30}},"74":{"start":{"line":143,"column":4},"end":{"line":196,"column":7}},"75":{"start":{"line":144,"column":8},"end":{"line":147,"column":9}},"76":{"start":{"line":145,"column":12},"end":{"line":145,"column":72}},"77":{"start":{"line":146,"column":12},"end":{"line":146,"column":67}},"78":{"start":{"line":149,"column":8},"end":{"line":151,"column":9}},"79":{"start":{"line":150,"column":12},"end":{"line":150,"column":80}},"80":{"start":{"line":153,"column":22},"end":{"line":153,"column":60}},"81":{"start":{"line":154,"column":27},"end":{"line":154,"column":61}},"82":{"start":{"line":156,"column":8},"end":{"line":195,"column":10}},"83":{"start":{"line":160,"column":16},"end":{"line":163,"column":17}},"84":{"start":{"line":161,"column":20},"end":{"line":161,"column":75}},"85":{"start":{"line":162,"column":20},"end":{"line":162,"column":75}},"86":{"start":{"line":165,"column":36},"end":{"line":174,"column":18}},"87":{"start":{"line":176,"column":34},"end":{"line":176,"column":84}},"88":{"start":{"line":177,"column":36},"end":{"line":183,"column":17}},"89":{"start":{"line":185,"column":16},"end":{"line":193,"column":19}},"90":{"start":{"line":186,"column":20},"end":{"line":189,"column":21}},"91":{"start":{"line":187,"column":24},"end":{"line":187,"column":78}},"92":{"start":{"line":188,"column":24},"end":{"line":188,"column":95}},"93":{"start":{"line":191,"column":20},"end":{"line":191,"column":66}},"94":{"start":{"line":192,"column":20},"end":{"line":192,"column":101}},"95":{"start":{"line":199,"column":0},"end":{"line":241,"column":3}},"96":{"start":{"line":200,"column":4},"end":{"line":200,"column":51}},"97":{"start":{"line":201,"column":16},"end":{"line":213,"column":5}},"98":{"start":{"line":215,"column":4},"end":{"line":240,"column":7}},"99":{"start":{"line":216,"column":8},"end":{"line":220,"column":9}},"100":{"start":{"line":217,"column":12},"end":{"line":217,"column":77}},"101":{"start":{"line":218,"column":12},"end":{"line":218,"column":60}},"102":{"start":{"line":219,"column":12},"end":{"line":219,"column":19}},"103":{"start":{"line":222,"column":8},"end":{"line":222,"column":50}},"104":{"start":{"line":224,"column":27},"end":{"line":237,"column":10}},"105":{"start":{"line":225,"column":26},"end":{"line":225,"column":32}},"106":{"start":{"line":226,"column":12},"end":{"line":231,"column":13}},"107":{"start":{"line":227,"column":37},"end":{"line":227,"column":65}},"108":{"start":{"line":228,"column":30},"end":{"line":228,"column":40}},"109":{"start":{"line":229,"column":33},"end":{"line":229,"column":53}},"110":{"start":{"line":230,"column":16},"end":{"line":230,"column":71}},"111":{"start":{"line":232,"column":12},"end":{"line":236,"column":14}},"112":{"start":{"line":239,"column":8},"end":{"line":239,"column":29}},"113":{"start":{"line":242,"column":0},"end":{"line":274,"column":3}},"114":{"start":{"line":243,"column":84},"end":{"line":243,"column":92}},"115":{"start":{"line":245,"column":4},"end":{"line":247,"column":5}},"116":{"start":{"line":246,"column":8},"end":{"line":246,"column":78}},"117":{"start":{"line":249,"column":24},"end":{"line":249,"column":64}},"118":{"start":{"line":250,"column":30},"end":{"line":253,"column":5}},"119":{"start":{"line":255,"column":4},"end":{"line":273,"column":7}},"120":{"start":{"line":256,"column":8},"end":{"line":259,"column":9}},"121":{"start":{"line":257,"column":12},"end":{"line":257,"column":65}},"122":{"start":{"line":258,"column":12},"end":{"line":258,"column":67}},"123":{"start":{"line":260,"column":8},"end":{"line":262,"column":9}},"124":{"start":{"line":261,"column":12},"end":{"line":261,"column":91}},"125":{"start":{"line":264,"column":23},"end":{"line":264,"column":33}},"126":{"start":{"line":266,"column":8},"end":{"line":272,"column":11}},"127":{"start":{"line":267,"column":12},"end":{"line":270,"column":13}},"128":{"start":{"line":268,"column":16},"end":{"line":268,"column":79}},"129":{"start":{"line":269,"column":16},"end":{"line":269,"column":71}},"130":{"start":{"line":271,"column":12},"end":{"line":271,"column":106}},"131":{"start":{"line":276,"column":0},"end":{"line":296,"column":3}},"132":{"start":{"line":277,"column":23},"end":{"line":277,"column":33}},"133":{"start":{"line":278,"column":74},"end":{"line":278,"column":82}},"134":{"start":{"line":280,"column":16},"end":{"line":284,"column":5}},"135":{"start":{"line":286,"column":4},"end":{"line":295,"column":7}},"136":{"start":{"line":287,"column":8},"end":{"line":290,"column":9}},"137":{"start":{"line":288,"column":12},"end":{"line":288,"column":80}},"138":{"start":{"line":289,"column":12},"end":{"line":289,"column":67}},"139":{"start":{"line":291,"column":8},"end":{"line":293,"column":9}},"140":{"start":{"line":292,"column":12},"end":{"line":292,"column":89}},"141":{"start":{"line":294,"column":8},"end":{"line":294,"column":65}},"142":{"start":{"line":298,"column":0},"end":{"line":312,"column":3}},"143":{"start":{"line":299,"column":16},"end":{"line":303,"column":5}},"144":{"start":{"line":305,"column":4},"end":{"line":311,"column":7}},"145":{"start":{"line":306,"column":8},"end":{"line":309,"column":9}},"146":{"start":{"line":307,"column":12},"end":{"line":307,"column":60}},"147":{"start":{"line":308,"column":12},"end":{"line":308,"column":67}},"148":{"start":{"line":310,"column":8},"end":{"line":310,"column":23}},"149":{"start":{"line":315,"column":0},"end":{"line":342,"column":3}},"150":{"start":{"line":316,"column":23},"end":{"line":316,"column":33}},"151":{"start":{"line":318,"column":16},"end":{"line":330,"column":5}},"152":{"start":{"line":332,"column":4},"end":{"line":341,"column":7}},"153":{"start":{"line":333,"column":8},"end":{"line":336,"column":9}},"154":{"start":{"line":334,"column":12},"end":{"line":334,"column":70}},"155":{"start":{"line":335,"column":12},"end":{"line":335,"column":67}},"156":{"start":{"line":337,"column":8},"end":{"line":339,"column":9}},"157":{"start":{"line":338,"column":12},"end":{"line":338,"column":100}},"158":{"start":{"line":340,"column":8},"end":{"line":340,"column":22}},"159":{"start":{"line":344,"column":0},"end":{"line":346,"column":3}},"160":{"start":{"line":345,"column":4},"end":{"line":345,"column":34}},"161":{"start":{"line":348,"column":0},"end":{"line":385,"column":3}},"162":{"start":{"line":349,"column":32},"end":{"line":349,"column":40}},"163":{"start":{"line":351,"column":4},"end":{"line":353,"column":5}},"164":{"start":{"line":352,"column":8},"end":{"line":352,"column":77}},"165":{"start":{"line":355,"column":4},"end":{"line":384,"column":5}},"166":{"start":{"line":357,"column":8},"end":{"line":380,"column":11}},"167":{"start":{"line":358,"column":12},"end":{"line":361,"column":13}},"168":{"start":{"line":359,"column":16},"end":{"line":359,"column":56}},"169":{"start":{"line":360,"column":16},"end":{"line":360,"column":82}},"170":{"start":{"line":363,"column":12},"end":{"line":365,"column":13}},"171":{"start":{"line":364,"column":16},"end":{"line":364,"column":90}},"172":{"start":{"line":368,"column":31},"end":{"line":368,"column":33}},"173":{"start":{"line":369,"column":35},"end":{"line":369,"column":74}},"174":{"start":{"line":372,"column":12},"end":{"line":379,"column":15}},"175":{"start":{"line":373,"column":16},"end":{"line":376,"column":17}},"176":{"start":{"line":374,"column":20},"end":{"line":374,"column":67}},"177":{"start":{"line":375,"column":20},"end":{"line":375,"column":86}},"178":{"start":{"line":378,"column":16},"end":{"line":378,"column":78}},"179":{"start":{"line":382,"column":8},"end":{"line":382,"column":59}},"180":{"start":{"line":383,"column":8},"end":{"line":383,"column":67}},"181":{"start":{"line":387,"column":0},"end":{"line":399,"column":3}},"182":{"start":{"line":388,"column":54},"end":{"line":388,"column":62}},"183":{"start":{"line":389,"column":22},"end":{"line":389,"column":53}},"184":{"start":{"line":391,"column":16},"end":{"line":391,"column":115}},"185":{"start":{"line":392,"column":4},"end":{"line":398,"column":7}},"186":{"start":{"line":393,"column":8},"end":{"line":396,"column":9}},"187":{"start":{"line":394,"column":12},"end":{"line":394,"column":59}},"188":{"start":{"line":395,"column":12},"end":{"line":395,"column":67}},"189":{"start":{"line":397,"column":8},"end":{"line":397,"column":85}},"190":{"start":{"line":402,"column":0},"end":{"line":417,"column":3}},"191":{"start":{"line":403,"column":23},"end":{"line":403,"column":33}},"192":{"start":{"line":404,"column":54},"end":{"line":404,"column":62}},"193":{"start":{"line":406,"column":16},"end":{"line":406,"column":112}},"194":{"start":{"line":407,"column":4},"end":{"line":416,"column":7}},"195":{"start":{"line":408,"column":8},"end":{"line":411,"column":9}},"196":{"start":{"line":409,"column":12},"end":{"line":409,"column":56}},"197":{"start":{"line":410,"column":12},"end":{"line":410,"column":67}},"198":{"start":{"line":412,"column":8},"end":{"line":414,"column":9}},"199":{"start":{"line":413,"column":12},"end":{"line":413,"column":73}},"200":{"start":{"line":415,"column":8},"end":{"line":415,"column":65}},"201":{"start":{"line":418,"column":0},"end":{"line":432,"column":3}},"202":{"start":{"line":419,"column":23},"end":{"line":419,"column":33}},"203":{"start":{"line":421,"column":16},"end":{"line":421,"column":56}},"204":{"start":{"line":422,"column":4},"end":{"line":431,"column":7}},"205":{"start":{"line":423,"column":8},"end":{"line":426,"column":9}},"206":{"start":{"line":424,"column":12},"end":{"line":424,"column":74}},"207":{"start":{"line":425,"column":12},"end":{"line":425,"column":67}},"208":{"start":{"line":427,"column":8},"end":{"line":429,"column":9}},"209":{"start":{"line":428,"column":12},"end":{"line":428,"column":89}},"210":{"start":{"line":430,"column":8},"end":{"line":430,"column":66}},"211":{"start":{"line":433,"column":0},"end":{"line":447,"column":3}},"212":{"start":{"line":434,"column":23},"end":{"line":434,"column":33}},"213":{"start":{"line":436,"column":16},"end":{"line":436,"column":51}},"214":{"start":{"line":437,"column":4},"end":{"line":446,"column":7}},"215":{"start":{"line":438,"column":8},"end":{"line":441,"column":9}},"216":{"start":{"line":439,"column":12},"end":{"line":439,"column":58}},"217":{"start":{"line":440,"column":12},"end":{"line":440,"column":67}},"218":{"start":{"line":442,"column":8},"end":{"line":444,"column":9}},"219":{"start":{"line":443,"column":12},"end":{"line":443,"column":73}},"220":{"start":{"line":445,"column":8},"end":{"line":445,"column":54}},"221":{"start":{"line":449,"column":0},"end":{"line":459,"column":3}},"222":{"start":{"line":450,"column":16},"end":{"line":450,"column":92}},"223":{"start":{"line":451,"column":4},"end":{"line":458,"column":7}},"224":{"start":{"line":452,"column":8},"end":{"line":456,"column":9}},"225":{"start":{"line":453,"column":12},"end":{"line":453,"column":78}},"226":{"start":{"line":454,"column":12},"end":{"line":454,"column":60}},"227":{"start":{"line":455,"column":12},"end":{"line":455,"column":19}},"228":{"start":{"line":457,"column":8},"end":{"line":457,"column":23}},"229":{"start":{"line":461,"column":0},"end":{"line":480,"column":3}},"230":{"start":{"line":462,"column":4},"end":{"line":479,"column":5}},"231":{"start":{"line":463,"column":8},"end":{"line":476,"column":11}},"232":{"start":{"line":464,"column":12},"end":{"line":467,"column":13}},"233":{"start":{"line":465,"column":16},"end":{"line":465,"column":69}},"234":{"start":{"line":466,"column":16},"end":{"line":466,"column":74}},"235":{"start":{"line":468,"column":12},"end":{"line":473,"column":15}},"236":{"start":{"line":474,"column":12},"end":{"line":474,"column":67}},"237":{"start":{"line":475,"column":12},"end":{"line":475,"column":57}},"238":{"start":{"line":478,"column":8},"end":{"line":478,"column":47}},"239":{"start":{"line":482,"column":0},"end":{"line":484,"column":3}},"240":{"start":{"line":483,"column":4},"end":{"line":483,"column":33}},"241":{"start":{"line":486,"column":0},"end":{"line":517,"column":3}},"242":{"start":{"line":487,"column":31},"end":{"line":487,"column":39}},"243":{"start":{"line":489,"column":4},"end":{"line":491,"column":5}},"244":{"start":{"line":490,"column":8},"end":{"line":490,"column":70}},"245":{"start":{"line":492,"column":4},"end":{"line":516,"column":7}},"246":{"start":{"line":493,"column":8},"end":{"line":496,"column":9}},"247":{"start":{"line":494,"column":12},"end":{"line":494,"column":52}},"248":{"start":{"line":495,"column":12},"end":{"line":495,"column":78}},"249":{"start":{"line":497,"column":8},"end":{"line":515,"column":9}},"250":{"start":{"line":498,"column":12},"end":{"line":500,"column":13}},"251":{"start":{"line":499,"column":16},"end":{"line":499,"column":127}},"252":{"start":{"line":501,"column":26},"end":{"line":501,"column":70}},"253":{"start":{"line":502,"column":12},"end":{"line":512,"column":13}},"254":{"start":{"line":503,"column":16},"end":{"line":508,"column":18}},"255":{"start":{"line":509,"column":16},"end":{"line":509,"column":81}},"256":{"start":{"line":511,"column":16},"end":{"line":511,"column":78}},"257":{"start":{"line":514,"column":12},"end":{"line":514,"column":80}},"258":{"start":{"line":519,"column":0},"end":{"line":566,"column":3}},"259":{"start":{"line":520,"column":54},"end":{"line":520,"column":62}},"260":{"start":{"line":522,"column":4},"end":{"line":524,"column":5}},"261":{"start":{"line":523,"column":8},"end":{"line":523,"column":78}},"262":{"start":{"line":526,"column":4},"end":{"line":565,"column":5}},"263":{"start":{"line":528,"column":27},"end":{"line":528,"column":76}},"264":{"start":{"line":529,"column":8},"end":{"line":561,"column":11}},"265":{"start":{"line":530,"column":12},"end":{"line":533,"column":13}},"266":{"start":{"line":531,"column":16},"end":{"line":531,"column":49}},"267":{"start":{"line":532,"column":16},"end":{"line":532,"column":96}},"268":{"start":{"line":534,"column":12},"end":{"line":541,"column":13}},"269":{"start":{"line":535,"column":16},"end":{"line":537,"column":17}},"270":{"start":{"line":536,"column":20},"end":{"line":536,"column":82}},"271":{"start":{"line":538,"column":16},"end":{"line":540,"column":17}},"272":{"start":{"line":539,"column":20},"end":{"line":539,"column":83}},"273":{"start":{"line":544,"column":31},"end":{"line":544,"column":33}},"274":{"start":{"line":545,"column":12},"end":{"line":560,"column":15}},"275":{"start":{"line":546,"column":16},"end":{"line":549,"column":17}},"276":{"start":{"line":547,"column":20},"end":{"line":547,"column":69}},"277":{"start":{"line":548,"column":20},"end":{"line":548,"column":86}},"278":{"start":{"line":552,"column":28},"end":{"line":552,"column":125}},"279":{"start":{"line":553,"column":16},"end":{"line":559,"column":19}},"280":{"start":{"line":554,"column":20},"end":{"line":557,"column":21}},"281":{"start":{"line":555,"column":24},"end":{"line":555,"column":63}},"282":{"start":{"line":556,"column":24},"end":{"line":556,"column":102}},"283":{"start":{"line":558,"column":20},"end":{"line":558,"column":50}},"284":{"start":{"line":563,"column":8},"end":{"line":563,"column":46}},"285":{"start":{"line":564,"column":8},"end":{"line":564,"column":67}},"286":{"start":{"line":568,"column":0},"end":{"line":577,"column":3}},"287":{"start":{"line":569,"column":16},"end":{"line":569,"column":86}},"288":{"start":{"line":570,"column":4},"end":{"line":576,"column":7}},"289":{"start":{"line":571,"column":8},"end":{"line":574,"column":9}},"290":{"start":{"line":572,"column":12},"end":{"line":572,"column":72}},"291":{"start":{"line":573,"column":12},"end":{"line":573,"column":67}},"292":{"start":{"line":575,"column":8},"end":{"line":575,"column":23}},"293":{"start":{"line":578,"column":0},"end":{"line":596,"column":3}},"294":{"start":{"line":579,"column":4},"end":{"line":579,"column":59}},"295":{"start":{"line":580,"column":23},"end":{"line":580,"column":31}},"296":{"start":{"line":581,"column":4},"end":{"line":583,"column":5}},"297":{"start":{"line":582,"column":8},"end":{"line":582,"column":79}},"298":{"start":{"line":585,"column":16},"end":{"line":585,"column":73}},"299":{"start":{"line":586,"column":4},"end":{"line":595,"column":7}},"300":{"start":{"line":587,"column":8},"end":{"line":590,"column":9}},"301":{"start":{"line":588,"column":12},"end":{"line":588,"column":69}},"302":{"start":{"line":589,"column":12},"end":{"line":589,"column":67}},"303":{"start":{"line":591,"column":8},"end":{"line":593,"column":9}},"304":{"start":{"line":592,"column":12},"end":{"line":592,"column":81}},"305":{"start":{"line":594,"column":8},"end":{"line":594,"column":60}},"306":{"start":{"line":598,"column":0},"end":{"line":616,"column":3}},"307":{"start":{"line":599,"column":4},"end":{"line":599,"column":45}},"308":{"start":{"line":600,"column":23},"end":{"line":600,"column":31}},"309":{"start":{"line":601,"column":4},"end":{"line":603,"column":5}},"310":{"start":{"line":602,"column":8},"end":{"line":602,"column":79}},"311":{"start":{"line":605,"column":16},"end":{"line":605,"column":68}},"312":{"start":{"line":606,"column":4},"end":{"line":615,"column":7}},"313":{"start":{"line":607,"column":8},"end":{"line":610,"column":9}},"314":{"start":{"line":608,"column":12},"end":{"line":608,"column":74}},"315":{"start":{"line":609,"column":12},"end":{"line":609,"column":67}},"316":{"start":{"line":611,"column":8},"end":{"line":613,"column":9}},"317":{"start":{"line":612,"column":12},"end":{"line":612,"column":81}},"318":{"start":{"line":614,"column":8},"end":{"line":614,"column":64}},"319":{"start":{"line":618,"column":0},"end":{"line":623,"column":1}},"320":{"start":{"line":619,"column":17},"end":{"line":619,"column":21}},"321":{"start":{"line":620,"column":4},"end":{"line":622,"column":7}},"322":{"start":{"line":621,"column":8},"end":{"line":621,"column":61}},"323":{"start":{"line":624,"column":0},"end":{"line":624,"column":21}}},"fnMap":{"0":{"name":"(anonymous_0)","decl":{"start":{"line":21,"column":17},"end":{"line":21,"column":18}},"loc":{"start":{"line":21,"column":36},"end":{"line":23,"column":5}},"line":21},"1":{"name":"(anonymous_1)","decl":{"start":{"line":24,"column":14},"end":{"line":24,"column":15}},"loc":{"start":{"line":24,"column":33},"end":{"line":30,"column":5}},"line":24},"2":{"name":"(anonymous_2)","decl":{"start":{"line":37,"column":12},"end":{"line":37,"column":13}},"loc":{"start":{"line":37,"column":34},"end":{"line":44,"column":5}},"line":37},"3":{"name":"(anonymous_3)","decl":{"start":{"line":50,"column":8},"end":{"line":50,"column":9}},"loc":{"start":{"line":50,"column":28},"end":{"line":53,"column":1}},"line":50},"4":{"name":"checkIfLogged","decl":{"start":{"line":66,"column":9},"end":{"line":66,"column":22}},"loc":{"start":{"line":66,"column":39},"end":{"line":72,"column":1}},"line":66},"5":{"name":"checkSession","decl":{"start":{"line":74,"column":9},"end":{"line":74,"column":21}},"loc":{"start":{"line":74,"column":38},"end":{"line":81,"column":1}},"line":74},"6":{"name":"checkAdminSession","decl":{"start":{"line":83,"column":9},"end":{"line":83,"column":26}},"loc":{"start":{"line":83,"column":43},"end":{"line":89,"column":1}},"line":83},"7":{"name":"(anonymous_7)","decl":{"start":{"line":91,"column":25},"end":{"line":91,"column":26}},"loc":{"start":{"line":91,"column":39},"end":{"line":100,"column":1}},"line":91},"8":{"name":"(anonymous_8)","decl":{"start":{"line":102,"column":32},"end":{"line":102,"column":33}},"loc":{"start":{"line":102,"column":46},"end":{"line":104,"column":1}},"line":102},"9":{"name":"(anonymous_9)","decl":{"start":{"line":106,"column":19},"end":{"line":106,"column":20}},"loc":{"start":{"line":106,"column":33},"end":{"line":138,"column":1}},"line":106},"10":{"name":"(anonymous_10)","decl":{"start":{"line":116,"column":17},"end":{"line":116,"column":18}},"loc":{"start":{"line":116,"column":23},"end":{"line":137,"column":5}},"line":116},"11":{"name":"(anonymous_11)","decl":{"start":{"line":119,"column":33},"end":{"line":119,"column":34}},"loc":{"start":{"line":119,"column":40},"end":{"line":125,"column":13}},"line":119},"12":{"name":"(anonymous_12)","decl":{"start":{"line":120,"column":56},"end":{"line":120,"column":57}},"loc":{"start":{"line":120,"column":65},"end":{"line":124,"column":17}},"line":120},"13":{"name":"(anonymous_13)","decl":{"start":{"line":126,"column":29},"end":{"line":126,"column":30}},"loc":{"start":{"line":126,"column":38},"end":{"line":131,"column":13}},"line":126},"14":{"name":"(anonymous_14)","decl":{"start":{"line":140,"column":43},"end":{"line":140,"column":44}},"loc":{"start":{"line":140,"column":57},"end":{"line":197,"column":1}},"line":140},"15":{"name":"(anonymous_15)","decl":{"start":{"line":143,"column":58},"end":{"line":143,"column":59}},"loc":{"start":{"line":143,"column":73},"end":{"line":196,"column":5}},"line":143},"16":{"name":"(anonymous_16)","decl":{"start":{"line":159,"column":12},"end":{"line":159,"column":13}},"loc":{"start":{"line":159,"column":21},"end":{"line":194,"column":13}},"line":159},"17":{"name":"(anonymous_17)","decl":{"start":{"line":185,"column":50},"end":{"line":185,"column":51}},"loc":{"start":{"line":185,"column":65},"end":{"line":193,"column":17}},"line":185},"18":{"name":"(anonymous_18)","decl":{"start":{"line":199,"column":37},"end":{"line":199,"column":38}},"loc":{"start":{"line":199,"column":51},"end":{"line":241,"column":1}},"line":199},"19":{"name":"(anonymous_19)","decl":{"start":{"line":215,"column":20},"end":{"line":215,"column":21}},"loc":{"start":{"line":215,"column":35},"end":{"line":240,"column":5}},"line":215},"20":{"name":"(anonymous_20)","decl":{"start":{"line":224,"column":36},"end":{"line":224,"column":37}},"loc":{"start":{"line":224,"column":43},"end":{"line":237,"column":9}},"line":224},"21":{"name":"(anonymous_21)","decl":{"start":{"line":242,"column":56},"end":{"line":242,"column":57}},"loc":{"start":{"line":242,"column":70},"end":{"line":274,"column":1}},"line":242},"22":{"name":"(anonymous_22)","decl":{"start":{"line":255,"column":36},"end":{"line":255,"column":37}},"loc":{"start":{"line":255,"column":50},"end":{"line":273,"column":5}},"line":255},"23":{"name":"(anonymous_23)","decl":{"start":{"line":266,"column":103},"end":{"line":266,"column":104}},"loc":{"start":{"line":266,"column":118},"end":{"line":272,"column":9}},"line":266},"24":{"name":"(anonymous_24)","decl":{"start":{"line":276,"column":63},"end":{"line":276,"column":64}},"loc":{"start":{"line":276,"column":77},"end":{"line":296,"column":1}},"line":276},"25":{"name":"(anonymous_25)","decl":{"start":{"line":286,"column":85},"end":{"line":286,"column":86}},"loc":{"start":{"line":286,"column":100},"end":{"line":295,"column":5}},"line":286},"26":{"name":"(anonymous_26)","decl":{"start":{"line":298,"column":36},"end":{"line":298,"column":37}},"loc":{"start":{"line":298,"column":50},"end":{"line":312,"column":1}},"line":298},"27":{"name":"(anonymous_27)","decl":{"start":{"line":305,"column":20},"end":{"line":305,"column":21}},"loc":{"start":{"line":305,"column":35},"end":{"line":311,"column":5}},"line":305},"28":{"name":"(anonymous_28)","decl":{"start":{"line":315,"column":44},"end":{"line":315,"column":45}},"loc":{"start":{"line":315,"column":58},"end":{"line":342,"column":1}},"line":315},"29":{"name":"(anonymous_29)","decl":{"start":{"line":332,"column":26},"end":{"line":332,"column":27}},"loc":{"start":{"line":332,"column":40},"end":{"line":341,"column":5}},"line":332},"30":{"name":"(anonymous_30)","decl":{"start":{"line":344,"column":29},"end":{"line":344,"column":30}},"loc":{"start":{"line":344,"column":41},"end":{"line":346,"column":1}},"line":344},"31":{"name":"(anonymous_31)","decl":{"start":{"line":348,"column":40},"end":{"line":348,"column":41}},"loc":{"start":{"line":348,"column":60},"end":{"line":385,"column":1}},"line":348},"32":{"name":"(anonymous_32)","decl":{"start":{"line":357,"column":112},"end":{"line":357,"column":113}},"loc":{"start":{"line":357,"column":132},"end":{"line":380,"column":9}},"line":357},"33":{"name":"(anonymous_33)","decl":{"start":{"line":372,"column":152},"end":{"line":372,"column":153}},"loc":{"start":{"line":372,"column":161},"end":{"line":379,"column":13}},"line":372},"34":{"name":"(anonymous_34)","decl":{"start":{"line":387,"column":75},"end":{"line":387,"column":76}},"loc":{"start":{"line":387,"column":89},"end":{"line":399,"column":1}},"line":387},"35":{"name":"(anonymous_35)","decl":{"start":{"line":392,"column":68},"end":{"line":392,"column":69}},"loc":{"start":{"line":392,"column":83},"end":{"line":398,"column":5}},"line":392},"36":{"name":"(anonymous_36)","decl":{"start":{"line":402,"column":58},"end":{"line":402,"column":59}},"loc":{"start":{"line":402,"column":72},"end":{"line":417,"column":1}},"line":402},"37":{"name":"(anonymous_37)","decl":{"start":{"line":407,"column":65},"end":{"line":407,"column":66}},"loc":{"start":{"line":407,"column":80},"end":{"line":416,"column":5}},"line":407},"38":{"name":"(anonymous_38)","decl":{"start":{"line":418,"column":66},"end":{"line":418,"column":67}},"loc":{"start":{"line":418,"column":80},"end":{"line":432,"column":1}},"line":418},"39":{"name":"(anonymous_39)","decl":{"start":{"line":422,"column":26},"end":{"line":422,"column":27}},"loc":{"start":{"line":422,"column":41},"end":{"line":431,"column":5}},"line":422},"40":{"name":"(anonymous_40)","decl":{"start":{"line":433,"column":61},"end":{"line":433,"column":62}},"loc":{"start":{"line":433,"column":75},"end":{"line":447,"column":1}},"line":433},"41":{"name":"(anonymous_41)","decl":{"start":{"line":437,"column":26},"end":{"line":437,"column":27}},"loc":{"start":{"line":437,"column":41},"end":{"line":446,"column":5}},"line":437},"42":{"name":"(anonymous_42)","decl":{"start":{"line":449,"column":31},"end":{"line":449,"column":32}},"loc":{"start":{"line":449,"column":45},"end":{"line":459,"column":1}},"line":449},"43":{"name":"(anonymous_43)","decl":{"start":{"line":451,"column":20},"end":{"line":451,"column":21}},"loc":{"start":{"line":451,"column":35},"end":{"line":458,"column":5}},"line":451},"44":{"name":"(anonymous_44)","decl":{"start":{"line":461,"column":20},"end":{"line":461,"column":21}},"loc":{"start":{"line":461,"column":34},"end":{"line":480,"column":1}},"line":461},"45":{"name":"(anonymous_45)","decl":{"start":{"line":463,"column":28},"end":{"line":463,"column":29}},"loc":{"start":{"line":463,"column":35},"end":{"line":476,"column":9}},"line":463},"46":{"name":"(anonymous_46)","decl":{"start":{"line":482,"column":32},"end":{"line":482,"column":33}},"loc":{"start":{"line":482,"column":46},"end":{"line":484,"column":1}},"line":482},"47":{"name":"(anonymous_47)","decl":{"start":{"line":486,"column":34},"end":{"line":486,"column":35}},"loc":{"start":{"line":486,"column":48},"end":{"line":517,"column":1}},"line":486},"48":{"name":"(anonymous_48)","decl":{"start":{"line":492,"column":58},"end":{"line":492,"column":59}},"loc":{"start":{"line":492,"column":78},"end":{"line":516,"column":5}},"line":492},"49":{"name":"(anonymous_49)","decl":{"start":{"line":519,"column":35},"end":{"line":519,"column":36}},"loc":{"start":{"line":519,"column":55},"end":{"line":566,"column":1}},"line":519},"50":{"name":"(anonymous_50)","decl":{"start":{"line":529,"column":43},"end":{"line":529,"column":44}},"loc":{"start":{"line":529,"column":57},"end":{"line":561,"column":9}},"line":529},"51":{"name":"(anonymous_51)","decl":{"start":{"line":545,"column":46},"end":{"line":545,"column":47}},"loc":{"start":{"line":545,"column":75},"end":{"line":560,"column":13}},"line":545},"52":{"name":"(anonymous_52)","decl":{"start":{"line":553,"column":75},"end":{"line":553,"column":76}},"loc":{"start":{"line":553,"column":96},"end":{"line":559,"column":17}},"line":553},"53":{"name":"(anonymous_53)","decl":{"start":{"line":568,"column":58},"end":{"line":568,"column":59}},"loc":{"start":{"line":568,"column":72},"end":{"line":577,"column":1}},"line":568},"54":{"name":"(anonymous_54)","decl":{"start":{"line":570,"column":20},"end":{"line":570,"column":21}},"loc":{"start":{"line":570,"column":35},"end":{"line":576,"column":5}},"line":570},"55":{"name":"(anonymous_55)","decl":{"start":{"line":578,"column":59},"end":{"line":578,"column":60}},"loc":{"start":{"line":578,"column":73},"end":{"line":596,"column":1}},"line":578},"56":{"name":"(anonymous_56)","decl":{"start":{"line":586,"column":26},"end":{"line":586,"column":27}},"loc":{"start":{"line":586,"column":41},"end":{"line":595,"column":5}},"line":586},"57":{"name":"(anonymous_57)","decl":{"start":{"line":598,"column":58},"end":{"line":598,"column":59}},"loc":{"start":{"line":598,"column":72},"end":{"line":616,"column":1}},"line":598},"58":{"name":"(anonymous_58)","decl":{"start":{"line":606,"column":26},"end":{"line":606,"column":27}},"loc":{"start":{"line":606,"column":41},"end":{"line":615,"column":5}},"line":606},"59":{"name":"(anonymous_59)","decl":{"start":{"line":620,"column":21},"end":{"line":620,"column":22}},"loc":{"start":{"line":620,"column":27},"end":{"line":622,"column":5}},"line":620}},"branchMap":{"0":{"loc":{"start":{"line":25,"column":24},"end":{"line":25,"column":69}},"type":"cond-expr","locations":[{"start":{"line":25,"column":40},"end":{"line":25,"column":53}},{"start":{"line":25,"column":56},"end":{"line":25,"column":69}}],"line":25},"1":{"loc":{"start":{"line":39,"column":8},"end":{"line":43,"column":9}},"type":"if","locations":[{"start":{"line":39,"column":8},"end":{"line":43,"column":9}},{"start":{"line":41,"column":15},"end":{"line":43,"column":9}}],"line":39},"2":{"loc":{"start":{"line":39,"column":12},"end":{"line":39,"column":54}},"type":"binary-expr","locations":[{"start":{"line":39,"column":12},"end":{"line":39,"column":19}},{"start":{"line":39,"column":23},"end":{"line":39,"column":54}}],"line":39},"3":{"loc":{"start":{"line":67,"column":4},"end":{"line":70,"column":5}},"type":"if","locations":[{"start":{"line":67,"column":4},"end":{"line":70,"column":5}},{"start":{},"end":{}}],"line":67},"4":{"loc":{"start":{"line":67,"column":8},"end":{"line":67,"column":69}},"type":"binary-expr","locations":[{"start":{"line":67,"column":8},"end":{"line":67,"column":19}},{"start":{"line":67,"column":23},"end":{"line":67,"column":40}},{"start":{"line":67,"column":44},"end":{"line":67,"column":69}}],"line":67},"5":{"loc":{"start":{"line":76,"column":4},"end":{"line":79,"column":5}},"type":"if","locations":[{"start":{"line":76,"column":4},"end":{"line":79,"column":5}},{"start":{},"end":{}}],"line":76},"6":{"loc":{"start":{"line":76,"column":8},"end":{"line":76,"column":72}},"type":"binary-expr","locations":[{"start":{"line":76,"column":8},"end":{"line":76,"column":20}},{"start":{"line":76,"column":24},"end":{"line":76,"column":42}},{"start":{"line":76,"column":46},"end":{"line":76,"column":72}}],"line":76},"7":{"loc":{"start":{"line":85,"column":4},"end":{"line":87,"column":5}},"type":"if","locations":[{"start":{"line":85,"column":4},"end":{"line":87,"column":5}},{"start":{},"end":{}}],"line":85},"8":{"loc":{"start":{"line":85,"column":8},"end":{"line":85,"column":80}},"type":"binary-expr","locations":[{"start":{"line":85,"column":8},"end":{"line":85,"column":20}},{"start":{"line":85,"column":24},"end":{"line":85,"column":42}},{"start":{"line":85,"column":46},"end":{"line":85,"column":80}}],"line":85},"9":{"loc":{"start":{"line":92,"column":4},"end":{"line":98,"column":5}},"type":"if","locations":[{"start":{"line":92,"column":4},"end":{"line":98,"column":5}},{"start":{},"end":{}}],"line":92},"10":{"loc":{"start":{"line":92,"column":8},"end":{"line":92,"column":69}},"type":"binary-expr","locations":[{"start":{"line":92,"column":8},"end":{"line":92,"column":19}},{"start":{"line":92,"column":23},"end":{"line":92,"column":40}},{"start":{"line":92,"column":44},"end":{"line":92,"column":69}}],"line":92},"11":{"loc":{"start":{"line":112,"column":4},"end":{"line":114,"column":5}},"type":"if","locations":[{"start":{"line":112,"column":4},"end":{"line":114,"column":5}},{"start":{},"end":{}}],"line":112},"12":{"loc":{"start":{"line":112,"column":8},"end":{"line":112,"column":45}},"type":"binary-expr","locations":[{"start":{"line":112,"column":8},"end":{"line":112,"column":13}},{"start":{"line":112,"column":17},"end":{"line":112,"column":45}}],"line":112},"13":{"loc":{"start":{"line":121,"column":20},"end":{"line":123,"column":21}},"type":"if","locations":[{"start":{"line":121,"column":20},"end":{"line":123,"column":21}},{"start":{},"end":{}}],"line":121},"14":{"loc":{"start":{"line":127,"column":16},"end":{"line":129,"column":17}},"type":"if","locations":[{"start":{"line":127,"column":16},"end":{"line":129,"column":17}},{"start":{},"end":{}}],"line":127},"15":{"loc":{"start":{"line":144,"column":8},"end":{"line":147,"column":9}},"type":"if","locations":[{"start":{"line":144,"column":8},"end":{"line":147,"column":9}},{"start":{},"end":{}}],"line":144},"16":{"loc":{"start":{"line":149,"column":8},"end":{"line":151,"column":9}},"type":"if","locations":[{"start":{"line":149,"column":8},"end":{"line":151,"column":9}},{"start":{},"end":{}}],"line":149},"17":{"loc":{"start":{"line":160,"column":16},"end":{"line":163,"column":17}},"type":"if","locations":[{"start":{"line":160,"column":16},"end":{"line":163,"column":17}},{"start":{},"end":{}}],"line":160},"18":{"loc":{"start":{"line":186,"column":20},"end":{"line":189,"column":21}},"type":"if","locations":[{"start":{"line":186,"column":20},"end":{"line":189,"column":21}},{"start":{},"end":{}}],"line":186},"19":{"loc":{"start":{"line":216,"column":8},"end":{"line":220,"column":9}},"type":"if","locations":[{"start":{"line":216,"column":8},"end":{"line":220,"column":9}},{"start":{},"end":{}}],"line":216},"20":{"loc":{"start":{"line":226,"column":12},"end":{"line":231,"column":13}},"type":"if","locations":[{"start":{"line":226,"column":12},"end":{"line":231,"column":13}},{"start":{},"end":{}}],"line":226},"21":{"loc":{"start":{"line":234,"column":32},"end":{"line":234,"column":60}},"type":"binary-expr","locations":[{"start":{"line":234,"column":32},"end":{"line":234,"column":50}},{"start":{"line":234,"column":54},"end":{"line":234,"column":60}}],"line":234},"22":{"loc":{"start":{"line":245,"column":4},"end":{"line":247,"column":5}},"type":"if","locations":[{"start":{"line":245,"column":4},"end":{"line":247,"column":5}},{"start":{},"end":{}}],"line":245},"23":{"loc":{"start":{"line":245,"column":8},"end":{"line":245,"column":88}},"type":"binary-expr","locations":[{"start":{"line":245,"column":8},"end":{"line":245,"column":17}},{"start":{"line":245,"column":21},"end":{"line":245,"column":31}},{"start":{"line":245,"column":35},"end":{"line":245,"column":43}},{"start":{"line":245,"column":47},"end":{"line":245,"column":60}},{"start":{"line":245,"column":64},"end":{"line":245,"column":88}}],"line":245},"24":{"loc":{"start":{"line":256,"column":8},"end":{"line":259,"column":9}},"type":"if","locations":[{"start":{"line":256,"column":8},"end":{"line":259,"column":9}},{"start":{},"end":{}}],"line":256},"25":{"loc":{"start":{"line":260,"column":8},"end":{"line":262,"column":9}},"type":"if","locations":[{"start":{"line":260,"column":8},"end":{"line":262,"column":9}},{"start":{},"end":{}}],"line":260},"26":{"loc":{"start":{"line":267,"column":12},"end":{"line":270,"column":13}},"type":"if","locations":[{"start":{"line":267,"column":12},"end":{"line":270,"column":13}},{"start":{},"end":{}}],"line":267},"27":{"loc":{"start":{"line":287,"column":8},"end":{"line":290,"column":9}},"type":"if","locations":[{"start":{"line":287,"column":8},"end":{"line":290,"column":9}},{"start":{},"end":{}}],"line":287},"28":{"loc":{"start":{"line":291,"column":8},"end":{"line":293,"column":9}},"type":"if","locations":[{"start":{"line":291,"column":8},"end":{"line":293,"column":9}},{"start":{},"end":{}}],"line":291},"29":{"loc":{"start":{"line":306,"column":8},"end":{"line":309,"column":9}},"type":"if","locations":[{"start":{"line":306,"column":8},"end":{"line":309,"column":9}},{"start":{},"end":{}}],"line":306},"30":{"loc":{"start":{"line":333,"column":8},"end":{"line":336,"column":9}},"type":"if","locations":[{"start":{"line":333,"column":8},"end":{"line":336,"column":9}},{"start":{},"end":{}}],"line":333},"31":{"loc":{"start":{"line":337,"column":8},"end":{"line":339,"column":9}},"type":"if","locations":[{"start":{"line":337,"column":8},"end":{"line":339,"column":9}},{"start":{},"end":{}}],"line":337},"32":{"loc":{"start":{"line":351,"column":4},"end":{"line":353,"column":5}},"type":"if","locations":[{"start":{"line":351,"column":4},"end":{"line":353,"column":5}},{"start":{},"end":{}}],"line":351},"33":{"loc":{"start":{"line":351,"column":8},"end":{"line":351,"column":27}},"type":"binary-expr","locations":[{"start":{"line":351,"column":8},"end":{"line":351,"column":17}},{"start":{"line":351,"column":21},"end":{"line":351,"column":27}}],"line":351},"34":{"loc":{"start":{"line":358,"column":12},"end":{"line":361,"column":13}},"type":"if","locations":[{"start":{"line":358,"column":12},"end":{"line":361,"column":13}},{"start":{},"end":{}}],"line":358},"35":{"loc":{"start":{"line":363,"column":12},"end":{"line":365,"column":13}},"type":"if","locations":[{"start":{"line":363,"column":12},"end":{"line":365,"column":13}},{"start":{},"end":{}}],"line":363},"36":{"loc":{"start":{"line":373,"column":16},"end":{"line":376,"column":17}},"type":"if","locations":[{"start":{"line":373,"column":16},"end":{"line":376,"column":17}},{"start":{},"end":{}}],"line":373},"37":{"loc":{"start":{"line":389,"column":22},"end":{"line":389,"column":53}},"type":"cond-expr","locations":[{"start":{"line":389,"column":33},"end":{"line":389,"column":46}},{"start":{"line":389,"column":49},"end":{"line":389,"column":53}}],"line":389},"38":{"loc":{"start":{"line":393,"column":8},"end":{"line":396,"column":9}},"type":"if","locations":[{"start":{"line":393,"column":8},"end":{"line":396,"column":9}},{"start":{},"end":{}}],"line":393},"39":{"loc":{"start":{"line":408,"column":8},"end":{"line":411,"column":9}},"type":"if","locations":[{"start":{"line":408,"column":8},"end":{"line":411,"column":9}},{"start":{},"end":{}}],"line":408},"40":{"loc":{"start":{"line":412,"column":8},"end":{"line":414,"column":9}},"type":"if","locations":[{"start":{"line":412,"column":8},"end":{"line":414,"column":9}},{"start":{},"end":{}}],"line":412},"41":{"loc":{"start":{"line":423,"column":8},"end":{"line":426,"column":9}},"type":"if","locations":[{"start":{"line":423,"column":8},"end":{"line":426,"column":9}},{"start":{},"end":{}}],"line":423},"42":{"loc":{"start":{"line":427,"column":8},"end":{"line":429,"column":9}},"type":"if","locations":[{"start":{"line":427,"column":8},"end":{"line":429,"column":9}},{"start":{},"end":{}}],"line":427},"43":{"loc":{"start":{"line":438,"column":8},"end":{"line":441,"column":9}},"type":"if","locations":[{"start":{"line":438,"column":8},"end":{"line":441,"column":9}},{"start":{},"end":{}}],"line":438},"44":{"loc":{"start":{"line":442,"column":8},"end":{"line":444,"column":9}},"type":"if","locations":[{"start":{"line":442,"column":8},"end":{"line":444,"column":9}},{"start":{},"end":{}}],"line":442},"45":{"loc":{"start":{"line":452,"column":8},"end":{"line":456,"column":9}},"type":"if","locations":[{"start":{"line":452,"column":8},"end":{"line":456,"column":9}},{"start":{},"end":{}}],"line":452},"46":{"loc":{"start":{"line":462,"column":4},"end":{"line":479,"column":5}},"type":"if","locations":[{"start":{"line":462,"column":4},"end":{"line":479,"column":5}},{"start":{"line":477,"column":11},"end":{"line":479,"column":5}}],"line":462},"47":{"loc":{"start":{"line":464,"column":12},"end":{"line":467,"column":13}},"type":"if","locations":[{"start":{"line":464,"column":12},"end":{"line":467,"column":13}},{"start":{},"end":{}}],"line":464},"48":{"loc":{"start":{"line":489,"column":4},"end":{"line":491,"column":5}},"type":"if","locations":[{"start":{"line":489,"column":4},"end":{"line":491,"column":5}},{"start":{},"end":{}}],"line":489},"49":{"loc":{"start":{"line":489,"column":8},"end":{"line":489,"column":26}},"type":"binary-expr","locations":[{"start":{"line":489,"column":8},"end":{"line":489,"column":13}},{"start":{"line":489,"column":17},"end":{"line":489,"column":26}}],"line":489},"50":{"loc":{"start":{"line":493,"column":8},"end":{"line":496,"column":9}},"type":"if","locations":[{"start":{"line":493,"column":8},"end":{"line":496,"column":9}},{"start":{},"end":{}}],"line":493},"51":{"loc":{"start":{"line":497,"column":8},"end":{"line":515,"column":9}},"type":"if","locations":[{"start":{"line":497,"column":8},"end":{"line":515,"column":9}},{"start":{"line":513,"column":15},"end":{"line":515,"column":9}}],"line":497},"52":{"loc":{"start":{"line":498,"column":12},"end":{"line":500,"column":13}},"type":"if","locations":[{"start":{"line":498,"column":12},"end":{"line":500,"column":13}},{"start":{},"end":{}}],"line":498},"53":{"loc":{"start":{"line":502,"column":12},"end":{"line":512,"column":13}},"type":"if","locations":[{"start":{"line":502,"column":12},"end":{"line":512,"column":13}},{"start":{"line":510,"column":19},"end":{"line":512,"column":13}}],"line":502},"54":{"loc":{"start":{"line":522,"column":4},"end":{"line":524,"column":5}},"type":"if","locations":[{"start":{"line":522,"column":4},"end":{"line":524,"column":5}},{"start":{},"end":{}}],"line":522},"55":{"loc":{"start":{"line":522,"column":8},"end":{"line":522,"column":58}},"type":"binary-expr","locations":[{"start":{"line":522,"column":8},"end":{"line":522,"column":13}},{"start":{"line":522,"column":17},"end":{"line":522,"column":25}},{"start":{"line":522,"column":29},"end":{"line":522,"column":35}},{"start":{"line":522,"column":39},"end":{"line":522,"column":45}},{"start":{"line":522,"column":49},"end":{"line":522,"column":58}}],"line":522},"56":{"loc":{"start":{"line":530,"column":12},"end":{"line":533,"column":13}},"type":"if","locations":[{"start":{"line":530,"column":12},"end":{"line":533,"column":13}},{"start":{},"end":{}}],"line":530},"57":{"loc":{"start":{"line":534,"column":12},"end":{"line":541,"column":13}},"type":"if","locations":[{"start":{"line":534,"column":12},"end":{"line":541,"column":13}},{"start":{},"end":{}}],"line":534},"58":{"loc":{"start":{"line":535,"column":16},"end":{"line":537,"column":17}},"type":"if","locations":[{"start":{"line":535,"column":16},"end":{"line":537,"column":17}},{"start":{},"end":{}}],"line":535},"59":{"loc":{"start":{"line":538,"column":16},"end":{"line":540,"column":17}},"type":"if","locations":[{"start":{"line":538,"column":16},"end":{"line":540,"column":17}},{"start":{},"end":{}}],"line":538},"60":{"loc":{"start":{"line":546,"column":16},"end":{"line":549,"column":17}},"type":"if","locations":[{"start":{"line":546,"column":16},"end":{"line":549,"column":17}},{"start":{},"end":{}}],"line":546},"61":{"loc":{"start":{"line":554,"column":20},"end":{"line":557,"column":21}},"type":"if","locations":[{"start":{"line":554,"column":20},"end":{"line":557,"column":21}},{"start":{},"end":{}}],"line":554},"62":{"loc":{"start":{"line":571,"column":8},"end":{"line":574,"column":9}},"type":"if","locations":[{"start":{"line":571,"column":8},"end":{"line":574,"column":9}},{"start":{},"end":{}}],"line":571},"63":{"loc":{"start":{"line":581,"column":4},"end":{"line":583,"column":5}},"type":"if","locations":[{"start":{"line":581,"column":4},"end":{"line":583,"column":5}},{"start":{},"end":{}}],"line":581},"64":{"loc":{"start":{"line":587,"column":8},"end":{"line":590,"column":9}},"type":"if","locations":[{"start":{"line":587,"column":8},"end":{"line":590,"column":9}},{"start":{},"end":{}}],"line":587},"65":{"loc":{"start":{"line":591,"column":8},"end":{"line":593,"column":9}},"type":"if","locations":[{"start":{"line":591,"column":8},"end":{"line":593,"column":9}},{"start":{},"end":{}}],"line":591},"66":{"loc":{"start":{"line":601,"column":4},"end":{"line":603,"column":5}},"type":"if","locations":[{"start":{"line":601,"column":4},"end":{"line":603,"column":5}},{"start":{},"end":{}}],"line":601},"67":{"loc":{"start":{"line":607,"column":8},"end":{"line":610,"column":9}},"type":"if","locations":[{"start":{"line":607,"column":8},"end":{"line":610,"column":9}},{"start":{},"end":{}}],"line":607},"68":{"loc":{"start":{"line":611,"column":8},"end":{"line":613,"column":9}},"type":"if","locations":[{"start":{"line":611,"column":8},"end":{"line":613,"column":9}},{"start":{},"end":{}}],"line":611},"69":{"loc":{"start":{"line":618,"column":0},"end":{"line":623,"column":1}},"type":"if","locations":[{"start":{"line":618,"column":0},"end":{"line":623,"column":1}},{"start":{},"end":{}}],"line":618}},"s":{"0":1,"1":1,"2":1,"3":1,"4":1,"5":1,"6":1,"7":1,"8":1,"9":1,"10":1,"11":1,"12":1,"13":1,"14":1,"15":1,"16":1,"17":0,"18":0,"19":0,"20":0,"21":0,"22":0,"23":1,"24":1,"25":49,"26":49,"27":49,"28":0,"29":1,"30":1,"31":49,"32":49,"33":1,"34":26,"35":0,"36":26,"37":18,"38":18,"39":3,"40":15,"41":11,"42":11,"43":0,"44":11,"45":1,"46":2,"47":1,"48":1,"49":1,"50":0,"51":1,"52":2,"53":2,"54":2,"55":2,"56":2,"57":1,"58":1,"59":1,"60":1,"61":1,"62":2,"63":2,"64":0,"65":1,"66":1,"67":0,"68":1,"69":0,"70":0,"71":0,"72":1,"73":1,"74":1,"75":1,"76":0,"77":0,"78":1,"79":1,"80":0,"81":0,"82":0,"83":0,"84":0,"85":0,"86":0,"87":0,"88":0,"89":0,"90":0,"91":0,"92":0,"93":0,"94":0,"95":1,"96":2,"97":2,"98":2,"99":2,"100":0,"101":0,"102":0,"103":2,"104":2,"105":17,"106":17,"107":14,"108":14,"109":14,"110":14,"111":17,"112":2,"113":1,"114":1,"115":1,"116":0,"117":1,"118":1,"119":1,"120":1,"121":0,"122":0,"123":1,"124":0,"125":1,"126":1,"127":1,"128":0,"129":0,"130":1,"131":1,"132":2,"133":2,"134":2,"135":2,"136":2,"137":0,"138":0,"139":2,"140":1,"141":1,"142":1,"143":1,"144":1,"145":1,"146":0,"147":0,"148":1,"149":1,"150":1,"151":1,"152":1,"153":1,"154":0,"155":0,"156":1,"157":0,"158":1,"159":1,"160":0,"161":1,"162":1,"163":1,"164":0,"165":1,"166":1,"167":1,"168":0,"169":0,"170":1,"171":1,"172":0,"173":0,"174":0,"175":0,"176":0,"177":0,"178":0,"179":0,"180":0,"181":1,"182":1,"183":1,"184":1,"185":1,"186":1,"187":0,"188":0,"189":1,"190":1,"191":2,"192":2,"193":2,"194":2,"195":2,"196":0,"197":0,"198":2,"199":1,"200":1,"201":1,"202":1,"203":1,"204":1,"205":1,"206":0,"207":0,"208":1,"209":0,"210":1,"211":1,"212":1,"213":1,"214":1,"215":1,"216":0,"217":0,"218":1,"219":1,"220":0,"221":1,"222":0,"223":0,"224":0,"225":0,"226":0,"227":0,"228":0,"229":1,"230":1,"231":1,"232":1,"233":0,"234":0,"235":1,"236":1,"237":1,"238":0,"239":1,"240":0,"241":1,"242":21,"243":21,"244":0,"245":21,"246":21,"247":0,"248":0,"249":21,"250":20,"251":1,"252":19,"253":19,"254":19,"255":19,"256":0,"257":1,"258":1,"259":3,"260":3,"261":1,"262":2,"263":2,"264":2,"265":2,"266":0,"267":0,"268":2,"269":1,"270":1,"271":0,"272":0,"273":1,"274":1,"275":1,"276":0,"277":0,"278":1,"279":1,"280":1,"281":0,"282":0,"283":1,"284":0,"285":0,"286":1,"287":1,"288":1,"289":1,"290":0,"291":0,"292":1,"293":1,"294":1,"295":1,"296":1,"297":0,"298":1,"299":1,"300":1,"301":0,"302":0,"303":1,"304":0,"305":1,"306":1,"307":1,"308":1,"309":1,"310":0,"311":1,"312":1,"313":1,"314":0,"315":0,"316":1,"317":0,"318":1,"319":1,"320":0,"321":0,"322":0,"323":1},"f":{"0":0,"1":0,"2":49,"3":49,"4":26,"5":18,"6":11,"7":2,"8":0,"9":2,"10":1,"11":2,"12":2,"13":1,"14":1,"15":1,"16":0,"17":0,"18":2,"19":2,"20":17,"21":1,"22":1,"23":1,"24":2,"25":2,"26":1,"27":1,"28":1,"29":1,"30":0,"31":1,"32":1,"33":0,"34":1,"35":1,"36":2,"37":2,"38":1,"39":1,"40":1,"41":1,"42":0,"43":0,"44":1,"45":1,"46":0,"47":21,"48":21,"49":3,"50":2,"51":1,"52":1,"53":1,"54":1,"55":1,"56":1,"57":1,"58":1,"59":0},"b":{"0":[0,0],"1":[49,0],"2":[49,0],"3":[0,26],"4":[26,26,0],"5":[3,15],"6":[18,18,15],"7":[0,11],"8":[11,11,11],"9":[1,1],"10":[2,2,1],"11":[1,1],"12":[2,1],"13":[0,2],"14":[0,1],"15":[0,1],"16":[1,0],"17":[0,0],"18":[0,0],"19":[0,2],"20":[14,3],"21":[17,3],"22":[0,1],"23":[1,1,1,1,1],"24":[0,1],"25":[0,1],"26":[0,1],"27":[0,2],"28":[1,1],"29":[0,1],"30":[0,1],"31":[0,1],"32":[0,1],"33":[1,1],"34":[0,1],"35":[1,0],"36":[0,0],"37":[0,1],"38":[0,1],"39":[0,2],"40":[1,1],"41":[0,1],"42":[0,1],"43":[0,1],"44":[1,0],"45":[0,0],"46":[1,0],"47":[0,1],"48":[0,21],"49":[21,21],"50":[0,21],"51":[20,1],"52":[1,19],"53":[19,0],"54":[1,2],"55":[3,3,2,2,2],"56":[0,2],"57":[1,1],"58":[1,0],"59":[0,0],"60":[0,1],"61":[0,1],"62":[0,1],"63":[0,1],"64":[0,1],"65":[0,1],"66":[0,1],"67":[0,1],"68":[0,1],"69":[0,1]},"_coverageSchema":"1a1c01bbd47fc00a2c39e90264f33305004495a9","hash":"30d4692402366bbcca38f85256e21cc210de8897"}
}
