TN:
SF:backend\database.js
FN:6,(anonymous_0)
FNF:1
FNH:1
FNDA:1,(anonymous_0)
DA:1,1
DA:2,1
DA:5,1
DA:6,1
DA:7,1
DA:8,0
DA:10,1
DA:14,1
LF:8
LH:7
BRDA:7,0,0,0
BRDA:7,0,1,1
BRF:2
BRH:1
end_of_record
TN:
SF:backend\index.js
FN:21,(anonymous_0)
FN:24,(anonymous_1)
FN:37,(anonymous_2)
FN:50,(anonymous_3)
FN:66,checkIfLogged
FN:74,checkSession
FN:83,checkAdminSession
FN:91,(anonymous_7)
FN:102,(anonymous_8)
FN:106,(anonymous_9)
FN:116,(anonymous_10)
FN:119,(anonymous_11)
FN:120,(anonymous_12)
FN:126,(anonymous_13)
FN:140,(anonymous_14)
FN:143,(anonymous_15)
FN:159,(anonymous_16)
FN:185,(anonymous_17)
FN:199,(anonymous_18)
FN:215,(anonymous_19)
FN:224,(anonymous_20)
FN:242,(anonymous_21)
FN:255,(anonymous_22)
FN:266,(anonymous_23)
FN:276,(anonymous_24)
FN:286,(anonymous_25)
FN:298,(anonymous_26)
FN:305,(anonymous_27)
FN:315,(anonymous_28)
FN:332,(anonymous_29)
FN:344,(anonymous_30)
FN:348,(anonymous_31)
FN:357,(anonymous_32)
FN:372,(anonymous_33)
FN:387,(anonymous_34)
FN:392,(anonymous_35)
FN:402,(anonymous_36)
FN:407,(anonymous_37)
FN:418,(anonymous_38)
FN:422,(anonymous_39)
FN:433,(anonymous_40)
FN:437,(anonymous_41)
FN:449,(anonymous_42)
FN:451,(anonymous_43)
FN:461,(anonymous_44)
FN:463,(anonymous_45)
FN:482,(anonymous_46)
FN:486,(anonymous_47)
FN:492,(anonymous_48)
FN:519,(anonymous_49)
FN:529,(anonymous_50)
FN:545,(anonymous_51)
FN:553,(anonymous_52)
FN:568,(anonymous_53)
FN:570,(anonymous_54)
FN:578,(anonymous_55)
FN:586,(anonymous_56)
FN:598,(anonymous_57)
FN:606,(anonymous_58)
FN:620,(anonymous_59)
FNF:60
FNH:49
FNDA:0,(anonymous_0)
FNDA:0,(anonymous_1)
FNDA:49,(anonymous_2)
FNDA:49,(anonymous_3)
FNDA:26,checkIfLogged
FNDA:18,checkSession
FNDA:11,checkAdminSession
FNDA:2,(anonymous_7)
FNDA:0,(anonymous_8)
FNDA:2,(anonymous_9)
FNDA:1,(anonymous_10)
FNDA:2,(anonymous_11)
FNDA:2,(anonymous_12)
FNDA:1,(anonymous_13)
FNDA:1,(anonymous_14)
FNDA:1,(anonymous_15)
FNDA:0,(anonymous_16)
FNDA:0,(anonymous_17)
FNDA:2,(anonymous_18)
FNDA:2,(anonymous_19)
FNDA:17,(anonymous_20)
FNDA:1,(anonymous_21)
FNDA:1,(anonymous_22)
FNDA:1,(anonymous_23)
FNDA:2,(anonymous_24)
FNDA:2,(anonymous_25)
FNDA:1,(anonymous_26)
FNDA:1,(anonymous_27)
FNDA:1,(anonymous_28)
FNDA:1,(anonymous_29)
FNDA:0,(anonymous_30)
FNDA:1,(anonymous_31)
FNDA:1,(anonymous_32)
FNDA:0,(anonymous_33)
FNDA:1,(anonymous_34)
FNDA:1,(anonymous_35)
FNDA:2,(anonymous_36)
FNDA:2,(anonymous_37)
FNDA:1,(anonymous_38)
FNDA:1,(anonymous_39)
FNDA:1,(anonymous_40)
FNDA:1,(anonymous_41)
FNDA:0,(anonymous_42)
FNDA:0,(anonymous_43)
FNDA:1,(anonymous_44)
FNDA:1,(anonymous_45)
FNDA:0,(anonymous_46)
FNDA:21,(anonymous_47)
FNDA:21,(anonymous_48)
FNDA:3,(anonymous_49)
FNDA:2,(anonymous_50)
FNDA:1,(anonymous_51)
FNDA:1,(anonymous_52)
FNDA:1,(anonymous_53)
FNDA:1,(anonymous_54)
FNDA:1,(anonymous_55)
FNDA:1,(anonymous_56)
FNDA:1,(anonymous_57)
FNDA:1,(anonymous_58)
FNDA:0,(anonymous_59)
DA:1,1
DA:2,1
DA:3,1
DA:4,1
DA:5,1
DA:6,1
DA:7,1
DA:8,1
DA:9,1
DA:10,1
DA:12,1
DA:13,1
DA:14,1
DA:15,1
DA:16,1
DA:17,1
DA:20,1
DA:22,0
DA:25,0
DA:26,0
DA:27,0
DA:28,0
DA:29,0
DA:34,1
DA:36,1
DA:38,49
DA:39,49
DA:40,49
DA:42,0
DA:49,1
DA:50,1
DA:51,49
DA:52,49
DA:54,1
DA:67,26
DA:68,0
DA:71,26
DA:75,18
DA:76,18
DA:77,3
DA:80,15
DA:84,11
DA:85,11
DA:86,0
DA:88,11
DA:91,1
DA:92,2
DA:93,1
DA:99,1
DA:102,1
DA:103,0
DA:106,1
DA:107,2
DA:108,2
DA:109,2
DA:110,2
DA:112,2
DA:113,1
DA:116,1
DA:117,1
DA:118,1
DA:119,1
DA:120,2
DA:121,2
DA:122,0
DA:126,1
DA:127,1
DA:128,0
DA:130,1
DA:133,0
DA:134,0
DA:135,0
DA:140,1
DA:141,1
DA:143,1
DA:144,1
DA:145,0
DA:146,0
DA:149,1
DA:150,1
DA:153,0
DA:154,0
DA:156,0
DA:160,0
DA:161,0
DA:162,0
DA:165,0
DA:176,0
DA:177,0
DA:185,0
DA:186,0
DA:187,0
DA:188,0
DA:191,0
DA:192,0
DA:199,1
DA:200,2
DA:201,2
DA:215,2
DA:216,2
DA:217,0
DA:218,0
DA:219,0
DA:222,2
DA:224,2
DA:225,17
DA:226,17
DA:227,14
DA:228,14
DA:229,14
DA:230,14
DA:232,17
DA:239,2
DA:242,1
DA:243,1
DA:245,1
DA:246,0
DA:249,1
DA:250,1
DA:255,1
DA:256,1
DA:257,0
DA:258,0
DA:260,1
DA:261,0
DA:264,1
DA:266,1
DA:267,1
DA:268,0
DA:269,0
DA:271,1
DA:276,1
DA:277,2
DA:278,2
DA:280,2
DA:286,2
DA:287,2
DA:288,0
DA:289,0
DA:291,2
DA:292,1
DA:294,1
DA:298,1
DA:299,1
DA:305,1
DA:306,1
DA:307,0
DA:308,0
DA:310,1
DA:315,1
DA:316,1
DA:318,1
DA:332,1
DA:333,1
DA:334,0
DA:335,0
DA:337,1
DA:338,0
DA:340,1
DA:344,1
DA:345,0
DA:348,1
DA:349,1
DA:351,1
DA:352,0
DA:355,1
DA:357,1
DA:358,1
DA:359,0
DA:360,0
DA:363,1
DA:364,1
DA:368,0
DA:369,0
DA:372,0
DA:373,0
DA:374,0
DA:375,0
DA:378,0
DA:382,0
DA:383,0
DA:387,1
DA:388,1
DA:389,1
DA:391,1
DA:392,1
DA:393,1
DA:394,0
DA:395,0
DA:397,1
DA:402,1
DA:403,2
DA:404,2
DA:406,2
DA:407,2
DA:408,2
DA:409,0
DA:410,0
DA:412,2
DA:413,1
DA:415,1
DA:418,1
DA:419,1
DA:421,1
DA:422,1
DA:423,1
DA:424,0
DA:425,0
DA:427,1
DA:428,0
DA:430,1
DA:433,1
DA:434,1
DA:436,1
DA:437,1
DA:438,1
DA:439,0
DA:440,0
DA:442,1
DA:443,1
DA:445,0
DA:449,1
DA:450,0
DA:451,0
DA:452,0
DA:453,0
DA:454,0
DA:455,0
DA:457,0
DA:461,1
DA:462,1
DA:463,1
DA:464,1
DA:465,0
DA:466,0
DA:468,1
DA:474,1
DA:475,1
DA:478,0
DA:482,1
DA:483,0
DA:486,1
DA:487,21
DA:489,21
DA:490,0
DA:492,21
DA:493,21
DA:494,0
DA:495,0
DA:497,21
DA:498,20
DA:499,1
DA:501,19
DA:502,19
DA:503,19
DA:509,19
DA:511,0
DA:514,1
DA:519,1
DA:520,3
DA:522,3
DA:523,1
DA:526,2
DA:528,2
DA:529,2
DA:530,2
DA:531,0
DA:532,0
DA:534,2
DA:535,1
DA:536,1
DA:538,0
DA:539,0
DA:544,1
DA:545,1
DA:546,1
DA:547,0
DA:548,0
DA:552,1
DA:553,1
DA:554,1
DA:555,0
DA:556,0
DA:558,1
DA:563,0
DA:564,0
DA:568,1
DA:569,1
DA:570,1
DA:571,1
DA:572,0
DA:573,0
DA:575,1
DA:578,1
DA:579,1
DA:580,1
DA:581,1
DA:582,0
DA:585,1
DA:586,1
DA:587,1
DA:588,0
DA:589,0
DA:591,1
DA:592,0
DA:594,1
DA:598,1
DA:599,1
DA:600,1
DA:601,1
DA:602,0
DA:605,1
DA:606,1
DA:607,1
DA:608,0
DA:609,0
DA:611,1
DA:612,0
DA:614,1
DA:618,1
DA:619,0
DA:620,0
DA:621,0
DA:624,1
LF:324
LH:215
BRDA:25,0,0,0
BRDA:25,0,1,0
BRDA:39,1,0,49
BRDA:39,1,1,0
BRDA:39,2,0,49
BRDA:39,2,1,0
BRDA:67,3,0,0
BRDA:67,3,1,26
BRDA:67,4,0,26
BRDA:67,4,1,26
BRDA:67,4,2,0
BRDA:76,5,0,3
BRDA:76,5,1,15
BRDA:76,6,0,18
BRDA:76,6,1,18
BRDA:76,6,2,15
BRDA:85,7,0,0
BRDA:85,7,1,11
BRDA:85,8,0,11
BRDA:85,8,1,11
BRDA:85,8,2,11
BRDA:92,9,0,1
BRDA:92,9,1,1
BRDA:92,10,0,2
BRDA:92,10,1,2
BRDA:92,10,2,1
BRDA:112,11,0,1
BRDA:112,11,1,1
BRDA:112,12,0,2
BRDA:112,12,1,1
BRDA:121,13,0,0
BRDA:121,13,1,2
BRDA:127,14,0,0
BRDA:127,14,1,1
BRDA:144,15,0,0
BRDA:144,15,1,1
BRDA:149,16,0,1
BRDA:149,16,1,0
BRDA:160,17,0,0
BRDA:160,17,1,0
BRDA:186,18,0,0
BRDA:186,18,1,0
BRDA:216,19,0,0
BRDA:216,19,1,2
BRDA:226,20,0,14
BRDA:226,20,1,3
BRDA:234,21,0,17
BRDA:234,21,1,3
BRDA:245,22,0,0
BRDA:245,22,1,1
BRDA:245,23,0,1
BRDA:245,23,1,1
BRDA:245,23,2,1
BRDA:245,23,3,1
BRDA:245,23,4,1
BRDA:256,24,0,0
BRDA:256,24,1,1
BRDA:260,25,0,0
BRDA:260,25,1,1
BRDA:267,26,0,0
BRDA:267,26,1,1
BRDA:287,27,0,0
BRDA:287,27,1,2
BRDA:291,28,0,1
BRDA:291,28,1,1
BRDA:306,29,0,0
BRDA:306,29,1,1
BRDA:333,30,0,0
BRDA:333,30,1,1
BRDA:337,31,0,0
BRDA:337,31,1,1
BRDA:351,32,0,0
BRDA:351,32,1,1
BRDA:351,33,0,1
BRDA:351,33,1,1
BRDA:358,34,0,0
BRDA:358,34,1,1
BRDA:363,35,0,1
BRDA:363,35,1,0
BRDA:373,36,0,0
BRDA:373,36,1,0
BRDA:389,37,0,0
BRDA:389,37,1,1
BRDA:393,38,0,0
BRDA:393,38,1,1
BRDA:408,39,0,0
BRDA:408,39,1,2
BRDA:412,40,0,1
BRDA:412,40,1,1
BRDA:423,41,0,0
BRDA:423,41,1,1
BRDA:427,42,0,0
BRDA:427,42,1,1
BRDA:438,43,0,0
BRDA:438,43,1,1
BRDA:442,44,0,1
BRDA:442,44,1,0
BRDA:452,45,0,0
BRDA:452,45,1,0
BRDA:462,46,0,1
BRDA:462,46,1,0
BRDA:464,47,0,0
BRDA:464,47,1,1
BRDA:489,48,0,0
BRDA:489,48,1,21
BRDA:489,49,0,21
BRDA:489,49,1,21
BRDA:493,50,0,0
BRDA:493,50,1,21
BRDA:497,51,0,20
BRDA:497,51,1,1
BRDA:498,52,0,1
BRDA:498,52,1,19
BRDA:502,53,0,19
BRDA:502,53,1,0
BRDA:522,54,0,1
BRDA:522,54,1,2
BRDA:522,55,0,3
BRDA:522,55,1,3
BRDA:522,55,2,2
BRDA:522,55,3,2
BRDA:522,55,4,2
BRDA:530,56,0,0
BRDA:530,56,1,2
BRDA:534,57,0,1
BRDA:534,57,1,1
BRDA:535,58,0,1
BRDA:535,58,1,0
BRDA:538,59,0,0
BRDA:538,59,1,0
BRDA:546,60,0,0
BRDA:546,60,1,1
BRDA:554,61,0,0
BRDA:554,61,1,1
BRDA:571,62,0,0
BRDA:571,62,1,1
BRDA:581,63,0,0
BRDA:581,63,1,1
BRDA:587,64,0,0
BRDA:587,64,1,1
BRDA:591,65,0,0
BRDA:591,65,1,1
BRDA:601,66,0,0
BRDA:601,66,1,1
BRDA:607,67,0,0
BRDA:607,67,1,1
BRDA:611,68,0,0
BRDA:611,68,1,1
BRDA:618,69,0,0
BRDA:618,69,1,1
BRF:150
BRH:93
end_of_record
